build/app/intermediates/manifest_merge_blame_file/debug/manifest-merger-blame-debug-report.txt
1<?xml version="1.0" encoding="utf-8"?>
2<manifest xmlns:android="http://schemas.android.com/apk/res/android"
3    package="com.example.blog_flutter_desafio"
4    android:versionCode="1"
5    android:versionName="1.0.0" >
6
7    <uses-sdk
8        android:minSdkVersion="21"
9        android:targetSdkVersion="30" />
10    <!--
11         Flutter needs it to communicate with the running application
12         to allow setting breakpoints, to provide hot reload, etc.
13    -->
14    <uses-permission android:name="android.permission.INTERNET" />
14-->src/debug/AndroidManifest.xml:6:5-66
14-->src/debug/AndroidManifest.xml:6:22-64
15    <uses-permission android:name="android.permission.READ_EXTERNAL_STORAGE" />
15-->[:image_picker] AndroidManifest.xml:7:5-80
15-->[:image_picker] AndroidManifest.xml:7:22-77
16    <uses-permission android:name="android.permission.WRITE_EXTERNAL_STORAGE" /> <!-- Although the *SdkVersion is captured in gradle build files, this is required for non gradle builds -->
16-->[:image_picker] AndroidManifest.xml:8:5-81
16-->[:image_picker] AndroidManifest.xml:8:22-78
17    <!-- <uses-sdk android:minSdkVersion="14" /> -->
18    <uses-permission android:name="android.permission.ACCESS_NETWORK_STATE" />
18-->[com.google.firebase:firebase-firestore:22.1.2] AndroidManifest.xml:13:5-79
18-->[com.google.firebase:firebase-firestore:22.1.2] AndroidManifest.xml:13:22-76
19    <uses-permission android:name="android.permission.WAKE_LOCK" />
19-->[com.google.android.gms:play-services-measurement-api:18.0.3] AndroidManifest.xml:24:5-68
19-->[com.google.android.gms:play-services-measurement-api:18.0.3] AndroidManifest.xml:24:22-65
20    <uses-permission android:name="com.google.android.finsky.permission.BIND_GET_INSTALL_REFERRER_SERVICE" />
20-->[com.google.android.gms:play-services-measurement:18.0.3] AndroidManifest.xml:26:5-110
20-->[com.google.android.gms:play-services-measurement:18.0.3] AndroidManifest.xml:26:22-107
21
22    <application
22-->src/main/AndroidManifest.xml:3:4-40:19
23        android:appComponentFactory="androidx.core.app.CoreComponentFactory"
23-->[androidx.core:core:1.1.0] AndroidManifest.xml:24:18-86
24        android:debuggable="true"
25        android:icon="@mipmap/ic_launcher"
25-->src/main/AndroidManifest.xml:5:9-43
26        android:label="blog_flutter_desafio" >
26-->src/main/AndroidManifest.xml:4:9-45
27        <activity
27-->src/main/AndroidManifest.xml:6:9-34:20
28            android:name="com.example.blog_flutter_desafio.MainActivity"
28-->src/main/AndroidManifest.xml:7:13-41
29            android:configChanges="orientation|keyboardHidden|keyboard|screenSize|smallestScreenSize|locale|layoutDirection|fontScale|screenLayout|density|uiMode"
29-->src/main/AndroidManifest.xml:10:13-163
30            android:hardwareAccelerated="true"
30-->src/main/AndroidManifest.xml:11:13-47
31            android:launchMode="singleTop"
31-->src/main/AndroidManifest.xml:8:13-43
32            android:theme="@style/LaunchTheme"
32-->src/main/AndroidManifest.xml:9:13-47
33            android:windowSoftInputMode="adjustResize" >
33-->src/main/AndroidManifest.xml:12:13-55
34
35            <!--
36                 Specifies an Android theme to apply to this Activity as soon as
37                 the Android process has started. This theme is visible to the user
38                 while the Flutter UI initializes. After that, this theme continues
39                 to determine the Window background behind the Flutter UI.
40            -->
41            <meta-data
41-->src/main/AndroidManifest.xml:17:13-20:17
42                android:name="io.flutter.embedding.android.NormalTheme"
42-->src/main/AndroidManifest.xml:18:15-70
43                android:resource="@style/NormalTheme" />
43-->src/main/AndroidManifest.xml:19:15-52
44            <!--
45                 Displays an Android View that continues showing the launch screen
46                 Drawable until Flutter paints its first frame, then this splash
47                 screen fades out. A splash screen is useful to avoid any visual
48                 gap between the end of Android's launch screen and the painting of
49                 Flutter's first frame.
50            -->
51            <meta-data
51-->src/main/AndroidManifest.xml:26:13-29:17
52                android:name="io.flutter.embedding.android.SplashScreenDrawable"
52-->src/main/AndroidManifest.xml:27:15-79
53                android:resource="@drawable/launch_background" />
53-->src/main/AndroidManifest.xml:28:15-61
54
55            <intent-filter>
55-->src/main/AndroidManifest.xml:30:13-33:29
56                <action android:name="android.intent.action.MAIN" />
56-->src/main/AndroidManifest.xml:31:17-68
56-->src/main/AndroidManifest.xml:31:25-66
57
58                <category android:name="android.intent.category.LAUNCHER" />
58-->src/main/AndroidManifest.xml:32:17-76
58-->src/main/AndroidManifest.xml:32:27-74
59            </intent-filter>
60        </activity>
61        <!--
62             Don't delete the meta-data below.
63             This is used by the Flutter tool to generate GeneratedPluginRegistrant.java
64        -->
65        <meta-data
65-->src/main/AndroidManifest.xml:37:9-39:33
66            android:name="flutterEmbedding"
66-->src/main/AndroidManifest.xml:38:13-44
67            android:value="2" />
67-->src/main/AndroidManifest.xml:39:13-30
68
69        <service
69-->[:firebase_storage] AndroidManifest.xml:8:9-12:19
70            android:name="com.google.firebase.components.ComponentDiscoveryService"
70-->[:firebase_storage] AndroidManifest.xml:8:18-89
71            android:directBootAware="true"
71-->[com.google.firebase:firebase-common:19.5.0] AndroidManifest.xml:35:13-43
72            android:exported="false" >
72-->[com.google.firebase:firebase-firestore:22.1.2] AndroidManifest.xml:19:13-37
73            <meta-data
73-->[:firebase_storage] AndroidManifest.xml:9:13-11:85
74                android:name="com.google.firebase.components:io.flutter.plugins.firebase.storage.FlutterFirebaseAppRegistrar"
74-->[:firebase_storage] AndroidManifest.xml:10:17-126
75                android:value="com.google.firebase.components.ComponentRegistrar" />
75-->[:firebase_storage] AndroidManifest.xml:11:17-82
76            <meta-data
76-->[:cloud_firestore] AndroidManifest.xml:9:13-11:85
77                android:name="com.google.firebase.components:io.flutter.plugins.firebase.cloudfirestore.FlutterFirebaseAppRegistrar"
77-->[:cloud_firestore] AndroidManifest.xml:10:17-133
78                android:value="com.google.firebase.components.ComponentRegistrar" />
78-->[:cloud_firestore] AndroidManifest.xml:11:17-82
79            <meta-data
79-->[:firebase_core] AndroidManifest.xml:9:13-11:85
80                android:name="com.google.firebase.components:io.flutter.plugins.firebase.core.FlutterFirebaseAppRegistrar"
80-->[:firebase_core] AndroidManifest.xml:10:17-123
81                android:value="com.google.firebase.components.ComponentRegistrar" />
81-->[:firebase_core] AndroidManifest.xml:11:17-82
82            <meta-data
82-->[com.google.firebase:firebase-firestore:22.1.2] AndroidManifest.xml:20:13-22:85
83                android:name="com.google.firebase.components:com.google.firebase.firestore.FirestoreRegistrar"
83-->[com.google.firebase:firebase-firestore:22.1.2] AndroidManifest.xml:21:17-111
84                android:value="com.google.firebase.components.ComponentRegistrar" />
84-->[com.google.firebase:firebase-firestore:22.1.2] AndroidManifest.xml:22:17-82
85            <meta-data
85-->[com.google.firebase:firebase-storage:19.2.2] AndroidManifest.xml:33:13-35:85
86                android:name="com.google.firebase.components:com.google.firebase.storage.StorageRegistrar"
86-->[com.google.firebase:firebase-storage:19.2.2] AndroidManifest.xml:34:17-107
87                android:value="com.google.firebase.components.ComponentRegistrar" />
87-->[com.google.firebase:firebase-storage:19.2.2] AndroidManifest.xml:35:17-82
88            <meta-data
88-->[com.google.android.gms:play-services-measurement-api:18.0.3] AndroidManifest.xml:30:13-32:85
89                android:name="com.google.firebase.components:com.google.firebase.analytics.connector.internal.AnalyticsConnectorRegistrar"
89-->[com.google.android.gms:play-services-measurement-api:18.0.3] AndroidManifest.xml:31:17-139
90                android:value="com.google.firebase.components.ComponentRegistrar" />
90-->[com.google.android.gms:play-services-measurement-api:18.0.3] AndroidManifest.xml:32:17-82
91            <meta-data
91-->[com.google.firebase:firebase-installations:16.3.5] AndroidManifest.xml:18:13-20:85
92                android:name="com.google.firebase.components:com.google.firebase.installations.FirebaseInstallationsRegistrar"
92-->[com.google.firebase:firebase-installations:16.3.5] AndroidManifest.xml:19:17-127
93                android:value="com.google.firebase.components.ComponentRegistrar" />
93-->[com.google.firebase:firebase-installations:16.3.5] AndroidManifest.xml:20:17-82
94            <!--
95                This registrar is not defined in the dynamic-module-support sdk itself to allow non-firebase
96                clients to use it as well, by defining this registrar in their own core/common library.
97            -->
98            <meta-data
98-->[com.google.firebase:firebase-common:19.5.0] AndroidManifest.xml:43:13-45:85
99                android:name="com.google.firebase.components:com.google.firebase.dynamicloading.DynamicLoadingRegistrar"
99-->[com.google.firebase:firebase-common:19.5.0] AndroidManifest.xml:44:17-121
100                android:value="com.google.firebase.components.ComponentRegistrar" />
100-->[com.google.firebase:firebase-common:19.5.0] AndroidManifest.xml:45:17-82
101        </service>
102
103        <provider
103-->[:image_picker] AndroidManifest.xml:11:9-19:20
104            android:name="io.flutter.plugins.imagepicker.ImagePickerFileProvider"
104-->[:image_picker] AndroidManifest.xml:12:13-82
105            android:authorities="com.example.blog_flutter_desafio.flutter.image_provider"
105-->[:image_picker] AndroidManifest.xml:13:13-74
106            android:exported="false"
106-->[:image_picker] AndroidManifest.xml:14:13-37
107            android:grantUriPermissions="true" >
107-->[:image_picker] AndroidManifest.xml:15:13-47
108            <meta-data
108-->[:image_picker] AndroidManifest.xml:16:13-18:75
109                android:name="android.support.FILE_PROVIDER_PATHS"
109-->[:image_picker] AndroidManifest.xml:17:17-67
110                android:resource="@xml/flutter_image_picker_file_paths" />
110-->[:image_picker] AndroidManifest.xml:18:17-72
111        </provider>
112        <provider
112-->[com.google.firebase:firebase-common:19.5.0] AndroidManifest.xml:26:9-31:39
113            android:name="com.google.firebase.provider.FirebaseInitProvider"
113-->[com.google.firebase:firebase-common:19.5.0] AndroidManifest.xml:27:13-77
114            android:authorities="com.example.blog_flutter_desafio.firebaseinitprovider"
114-->[com.google.firebase:firebase-common:19.5.0] AndroidManifest.xml:28:13-72
115            android:directBootAware="true"
115-->[com.google.firebase:firebase-common:19.5.0] AndroidManifest.xml:29:13-43
116            android:exported="false"
116-->[com.google.firebase:firebase-common:19.5.0] AndroidManifest.xml:30:13-37
117            android:initOrder="100" />
117-->[com.google.firebase:firebase-common:19.5.0] AndroidManifest.xml:31:13-36
118
119        <activity
119-->[com.google.android.gms:play-services-base:17.0.0] AndroidManifest.xml:23:9-26:75
120            android:name="com.google.android.gms.common.api.GoogleApiActivity"
120-->[com.google.android.gms:play-services-base:17.0.0] AndroidManifest.xml:24:13-79
121            android:exported="false"
121-->[com.google.android.gms:play-services-base:17.0.0] AndroidManifest.xml:25:13-37
122            android:theme="@android:style/Theme.Translucent.NoTitleBar" />
122-->[com.google.android.gms:play-services-base:17.0.0] AndroidManifest.xml:26:13-72
123
124        <receiver
124-->[com.google.android.gms:play-services-measurement:18.0.3] AndroidManifest.xml:29:9-33:20
125            android:name="com.google.android.gms.measurement.AppMeasurementReceiver"
125-->[com.google.android.gms:play-services-measurement:18.0.3] AndroidManifest.xml:30:13-85
126            android:enabled="true"
126-->[com.google.android.gms:play-services-measurement:18.0.3] AndroidManifest.xml:31:13-35
127            android:exported="false" >
127-->[com.google.android.gms:play-services-measurement:18.0.3] AndroidManifest.xml:32:13-37
128        </receiver>
129
130        <service
130-->[com.google.android.gms:play-services-measurement:18.0.3] AndroidManifest.xml:35:9-38:40
131            android:name="com.google.android.gms.measurement.AppMeasurementService"
131-->[com.google.android.gms:play-services-measurement:18.0.3] AndroidManifest.xml:36:13-84
132            android:enabled="true"
132-->[com.google.android.gms:play-services-measurement:18.0.3] AndroidManifest.xml:37:13-35
133            android:exported="false" />
133-->[com.google.android.gms:play-services-measurement:18.0.3] AndroidManifest.xml:38:13-37
134        <service
134-->[com.google.android.gms:play-services-measurement:18.0.3] AndroidManifest.xml:39:9-43:72
135            android:name="com.google.android.gms.measurement.AppMeasurementJobService"
135-->[com.google.android.gms:play-services-measurement:18.0.3] AndroidManifest.xml:40:13-87
136            android:enabled="true"
136-->[com.google.android.gms:play-services-measurement:18.0.3] AndroidManifest.xml:41:13-35
137            android:exported="false"
137-->[com.google.android.gms:play-services-measurement:18.0.3] AndroidManifest.xml:42:13-37
138            android:permission="android.permission.BIND_JOB_SERVICE" />
138-->[com.google.android.gms:play-services-measurement:18.0.3] AndroidManifest.xml:43:13-69
139
140        <meta-data
140-->[com.google.android.gms:play-services-basement:17.0.0] AndroidManifest.xml:23:9-25:69
141            android:name="com.google.android.gms.version"
141-->[com.google.android.gms:play-services-basement:17.0.0] AndroidManifest.xml:24:13-58
142            android:value="@integer/google_play_services_version" />
142-->[com.google.android.gms:play-services-basement:17.0.0] AndroidManifest.xml:25:13-66
143    </application>
144
145</manifest>